#
# There is insufficient memory for the Java Runtime Environment to continue.
# Native memory allocation (malloc) failed to allocate 1128016 bytes for Chunk::new
# Possible reasons:
#   The system is out of physical RAM or swap space
#   The process is running with CompressedOops enabled, and the Java Heap may be blocking the growth of the native heap
# Possible solutions:
#   Reduce memory load on the system
#   Increase physical memory or swap space
#   Check if swap backing store is full
#   Decrease Java heap size (-Xmx/-Xms)
#   Decrease number of Java threads
#   Decrease Java thread stack sizes (-Xss)
#   Set larger code cache with -XX:ReservedCodeCacheSize=
#   JVM is running with Unscaled Compressed Oops mode in which the Java heap is
#     placed in the first 4GB address space. The Java Heap base address is the
#     maximum limit for the native heap growth. Please use -XX:HeapBaseMinAddress
#     to set the Java Heap base and to place the Java Heap above 4GB virtual address.
# This output file may be truncated or incomplete.
#
#  Out of Memory Error (./src/hotspot/share/memory/arena.cpp:197), pid=7624, tid=2928
#
# JRE version: OpenJDK Runtime Environment (11.0.11+9) (build 11.0.11+9-b60-7590822)
# Java VM: OpenJDK 64-Bit Server VM (11.0.11+9-b60-7590822, mixed mode, tiered, compressed oops, g1 gc, windows-amd64)
# No core dump will be written. Minidumps are not enabled by default on client versions of Windows
#

---------------  S U M M A R Y ------------

Command Line: --add-opens=java.base/java.util=ALL-UNNAMED --add-opens=java.base/java.lang=ALL-UNNAMED --add-opens=java.base/java.lang.invoke=ALL-UNNAMED --add-opens=java.base/java.util=ALL-UNNAMED --add-opens=java.prefs/java.util.prefs=ALL-UNNAMED --add-opens=java.prefs/java.util.prefs=ALL-UNNAMED --add-opens=java.base/java.nio.charset=ALL-UNNAMED --add-opens=java.base/java.net=ALL-UNNAMED --add-opens=java.base/java.util.concurrent.atomic=ALL-UNNAMED -Xmx2048m -Dfile.encoding=UTF-8 -Duser.country=US -Duser.language=en -Duser.variant org.gradle.launcher.daemon.bootstrap.GradleDaemon 7.2

Host: AMD Ryzen 7 3700U with Radeon Vega Mobile Gfx  , 8 cores, 5G,  Windows 10 , 64 bit Build 19041 (10.0.19041.1202)
Time: Sat Apr  2 18:45:53 2022 Central European Daylight Time elapsed time: 4.451660 seconds (0d 0h 0m 4s)

---------------  T H R E A D  ---------------

Current thread (0x0000022ea6968000):  JavaThread "C2 CompilerThread0" daemon [_thread_in_native, id=2928, stack(0x00000038da800000,0x00000038da900000)]


Current CompileTask:
C2:   4451 2018       4       java.net.URLClassLoader$1::run (5 bytes)

Stack: [0x00000038da800000,0x00000038da900000]
Native frames: (J=compiled Java code, j=interpreted, Vv=VM code, C=native code)
V  [jvm.dll+0x5f214a]
V  [jvm.dll+0x726fb5]
V  [jvm.dll+0x7285cd]
V  [jvm.dll+0x728c83]
V  [jvm.dll+0x243278]
V  [jvm.dll+0xbc53c]
V  [jvm.dll+0xbca3c]
V  [jvm.dll+0x2b5c34]
V  [jvm.dll+0x508488]
V  [jvm.dll+0x203d53]
V  [jvm.dll+0x1fdbac]
V  [jvm.dll+0x1fb35f]
V  [jvm.dll+0x183d6c]
V  [jvm.dll+0x209a57]
V  [jvm.dll+0x2082a1]
V  [jvm.dll+0x6ef58f]
V  [jvm.dll+0x6e80b5]
V  [jvm.dll+0x5f1036]
C  [ucrtbase.dll+0x21bb2]
C  [KERNEL32.DLL+0x17034]
C  [ntdll.dll+0x52651]


---------------  P R O C E S S  ---------------

Threads class SMR info:
_java_thread_list=0x0000022ea93281e0, length=24, elements={
0x0000022e8c4dd000, 0x0000022ea6946800, 0x0000022ea6950000, 0x0000022ea72f2800,
0x0000022ea6962800, 0x0000022ea6965800, 0x0000022ea6968000, 0x0000022ea6969000,
0x0000022ea6972800, 0x0000022ea7419800, 0x0000022ea8d4d000, 0x0000022ea9d57800,
0x0000022ea8bcb800, 0x0000022ea93dd000, 0x0000022ea9f9e800, 0x0000022ea8562800,
0x0000022ea94af800, 0x0000022ea94b0800, 0x0000022ea9956800, 0x0000022ea952c000,
0x0000022ea9b7b000, 0x0000022ea9b75000, 0x0000022ea9b76800, 0x0000022ea9b7b800
}

Java Threads: ( => current thread )
  0x0000022e8c4dd000 JavaThread "main" [_thread_blocked, id=5208, stack(0x00000038d9c00000,0x00000038d9d00000)]
  0x0000022ea6946800 JavaThread "Reference Handler" daemon [_thread_blocked, id=440, stack(0x00000038da300000,0x00000038da400000)]
  0x0000022ea6950000 JavaThread "Finalizer" daemon [_thread_blocked, id=16448, stack(0x00000038da400000,0x00000038da500000)]
  0x0000022ea72f2800 JavaThread "Signal Dispatcher" daemon [_thread_blocked, id=12368, stack(0x00000038da500000,0x00000038da600000)]
  0x0000022ea6962800 JavaThread "Attach Listener" daemon [_thread_blocked, id=5256, stack(0x00000038da600000,0x00000038da700000)]
  0x0000022ea6965800 JavaThread "Service Thread" daemon [_thread_blocked, id=16212, stack(0x00000038da700000,0x00000038da800000)]
=>0x0000022ea6968000 JavaThread "C2 CompilerThread0" daemon [_thread_in_native, id=2928, stack(0x00000038da800000,0x00000038da900000)]
  0x0000022ea6969000 JavaThread "C1 CompilerThread0" daemon [_thread_blocked, id=18416, stack(0x00000038da900000,0x00000038daa00000)]
  0x0000022ea6972800 JavaThread "Sweeper thread" daemon [_thread_blocked, id=10220, stack(0x00000038daa00000,0x00000038dab00000)]
  0x0000022ea7419800 JavaThread "Common-Cleaner" daemon [_thread_blocked, id=12712, stack(0x00000038dab00000,0x00000038dac00000)]
  0x0000022ea8d4d000 JavaThread "Daemon health stats" [_thread_blocked, id=14368, stack(0x00000038db100000,0x00000038db200000)]
  0x0000022ea9d57800 JavaThread "Incoming local TCP Connector on port 49400" [_thread_in_native, id=16668, stack(0x00000038dad00000,0x00000038dae00000)]
  0x0000022ea8bcb800 JavaThread "Daemon periodic checks" [_thread_blocked, id=5912, stack(0x00000038daf00000,0x00000038db000000)]
  0x0000022ea93dd000 JavaThread "Daemon" [_thread_blocked, id=10956, stack(0x00000038db200000,0x00000038db300000)]
  0x0000022ea9f9e800 JavaThread "Handler for socket connection from /127.0.0.1:49400 to /127.0.0.1:49401" [_thread_in_native, id=17620, stack(0x00000038db300000,0x00000038db400000)]
  0x0000022ea8562800 JavaThread "Cancel handler" [_thread_blocked, id=6448, stack(0x00000038db400000,0x00000038db500000)]
  0x0000022ea94af800 JavaThread "Daemon worker" [_thread_in_vm, id=13924, stack(0x00000038db500000,0x00000038db600000)]
  0x0000022ea94b0800 JavaThread "C2 CompilerThread1" daemon [_thread_blocked, id=13252, stack(0x00000038db600000,0x00000038db700000)]
  0x0000022ea9956800 JavaThread "Asynchronous log dispatcher for DefaultDaemonConnection: socket connection from /127.0.0.1:49400 to /127.0.0.1:49401" [_thread_blocked, id=11092, stack(0x00000038db700000,0x00000038db800000)]
  0x0000022ea952c000 JavaThread "Stdin handler" [_thread_blocked, id=15280, stack(0x00000038db800000,0x00000038db900000)]
  0x0000022ea9b7b000 JavaThread "Daemon client event forwarder" [_thread_blocked, id=7156, stack(0x00000038db900000,0x00000038dba00000)]
  0x0000022ea9b75000 JavaThread "Cache worker for journal cache (C:\Users\Rikard\.gradle\caches\journal-1)" [_thread_blocked, id=17412, stack(0x00000038dc000000,0x00000038dc100000)]
  0x0000022ea9b76800 JavaThread "File lock request listener" [_thread_in_native, id=16184, stack(0x00000038dc100000,0x00000038dc200000)]
  0x0000022ea9b7b800 JavaThread "Cache worker for file hash cache (C:\Users\Rikard\.gradle\caches\7.2\fileHashes)" [_thread_blocked, id=17292, stack(0x00000038dc200000,0x00000038dc300000)]

Other Threads:
  0x0000022ea6943000 VMThread "VM Thread" [stack: 0x00000038da200000,0x00000038da300000] [id=16020]
  0x0000022ea745f000 WatcherThread [stack: 0x00000038dac00000,0x00000038dad00000] [id=6540]
  0x0000022e8c4f4800 GCTaskThread "GC Thread#0" [stack: 0x00000038d9d00000,0x00000038d9e00000] [id=15104]
  0x0000022ea772f000 GCTaskThread "GC Thread#1" [stack: 0x00000038dae00000,0x00000038daf00000] [id=11956]
  0x0000022ea9c12000 GCTaskThread "GC Thread#2" [stack: 0x00000038dba00000,0x00000038dbb00000] [id=16776]
  0x0000022eaa78e000 GCTaskThread "GC Thread#3" [stack: 0x00000038dbb00000,0x00000038dbc00000] [id=17756]
  0x0000022eaa78e800 GCTaskThread "GC Thread#4" [stack: 0x00000038dbc00000,0x00000038dbd00000] [id=584]
  0x0000022eaa78f800 GCTaskThread "GC Thread#5" [stack: 0x00000038dbd00000,0x00000038dbe00000] [id=12484]
  0x0000022eaa790000 GCTaskThread "GC Thread#6" [stack: 0x00000038dbe00000,0x00000038dbf00000] [id=3788]
  0x0000022ea97d1000 GCTaskThread "GC Thread#7" [stack: 0x00000038dbf00000,0x00000038dc000000] [id=10912]
  0x0000022e8c528800 ConcurrentGCThread "G1 Main Marker" [stack: 0x00000038d9e00000,0x00000038d9f00000] [id=13848]
  0x0000022e8c52a000 ConcurrentGCThread "G1 Conc#0" [stack: 0x00000038d9f00000,0x00000038da000000] [id=2496]
  0x0000022ea993a800 ConcurrentGCThread "G1 Conc#1" [stack: 0x00000038dc300000,0x00000038dc400000] [id=8944]
  0x0000022e8c5a0000 ConcurrentGCThread "G1 Refine#0" [stack: 0x00000038da000000,0x00000038da100000] [id=7696]
  0x0000022ea8e41800 ConcurrentGCThread "G1 Refine#1" [stack: 0x00000038db000000,0x00000038db100000] [id=13632]
  0x0000022e8c5a1000 ConcurrentGCThread "G1 Young RemSet Sampling" [stack: 0x00000038da100000,0x00000038da200000] [id=1720]

Threads with active compile tasks:
C2 CompilerThread0   4485 2018       4       java.net.URLClassLoader$1::run (5 bytes)
C1 CompilerThread0   4485 2089       3       org.objectweb.asm.ByteVector::putUTF8 (144 bytes)

VM state:not at safepoint (normal execution)

VM Mutex/Monitor currently owned by a thread: None

Heap address: 0x0000000080000000, size: 2048 MB, Compressed Oops mode: 32-bit
Narrow klass base: 0x0000000000000000, Narrow klass shift: 3
Compressed class space size: 1073741824 Address: 0x0000000100000000

Heap:
 garbage-first heap   total 94208K, used 44883K [0x0000000080000000, 0x0000000100000000)
  region size 1024K, 31 young (31744K), 3 survivors (3072K)
 Metaspace       used 23532K, capacity 24071K, committed 24112K, reserved 1071104K
  class space    used 2985K, capacity 3183K, committed 3200K, reserved 1048576K
Heap Regions: E=young(eden), S=young(survivor), O=old, HS=humongous(starts), HC=humongous(continues), CS=collection set, F=free, A=archive, TAMS=top-at-mark-start (previous, next)
|   0|0x0000000080000000, 0x0000000080100000, 0x0000000080100000|100%| O|  |TAMS 0x0000000080100000, 0x0000000080000000| Untracked 
|   1|0x0000000080100000, 0x0000000080200000, 0x0000000080200000|100%| O|  |TAMS 0x0000000080200000, 0x0000000080100000| Untracked 
|   2|0x0000000080200000, 0x0000000080300000, 0x0000000080300000|100%| O|  |TAMS 0x0000000080300000, 0x0000000080200000| Untracked 
|   3|0x0000000080300000, 0x0000000080400000, 0x0000000080400000|100%|HS|  |TAMS 0x0000000080400000, 0x0000000080300000| Complete 
|   4|0x0000000080400000, 0x0000000080500000, 0x0000000080500000|100%|HC|  |TAMS 0x0000000080500000, 0x0000000080400000| Complete 
|   5|0x0000000080500000, 0x0000000080600000, 0x0000000080600000|100%|HC|  |TAMS 0x0000000080600000, 0x0000000080500000| Complete 
|   6|0x0000000080600000, 0x0000000080700000, 0x0000000080700000|100%| O|  |TAMS 0x0000000080700000, 0x0000000080600000| Untracked 
|   7|0x0000000080700000, 0x0000000080800000, 0x0000000080800000|100%| O|  |TAMS 0x0000000080800000, 0x0000000080700000| Untracked 
|   8|0x0000000080800000, 0x0000000080900000, 0x0000000080900000|100%| O|  |TAMS 0x0000000080900000, 0x0000000080800000| Untracked 
|   9|0x0000000080900000, 0x0000000080a00000, 0x0000000080a00000|100%| O|  |TAMS 0x0000000080a00000, 0x0000000080900000| Untracked 
|  10|0x0000000080a00000, 0x0000000080b00000, 0x0000000080b00000|100%| O|  |TAMS 0x0000000080b00000, 0x0000000080a00000| Untracked 
|  11|0x0000000080b00000, 0x0000000080c00000, 0x0000000080c00000|100%| O|  |TAMS 0x0000000080c00000, 0x0000000080b00000| Untracked 
|  12|0x0000000080c00000, 0x0000000080d00000, 0x0000000080d00000|100%| O|  |TAMS 0x0000000080d00000, 0x0000000080c00000| Untracked 
|  13|0x0000000080d00000, 0x0000000080e00000, 0x0000000080e00000|100%| O|  |TAMS 0x0000000080e00000, 0x0000000080d00000| Untracked 
|  14|0x0000000080e00000, 0x0000000080eacc00, 0x0000000080f00000| 67%| O|  |TAMS 0x0000000080eacc00, 0x0000000080e00000| Untracked 
|  15|0x0000000080f00000, 0x0000000080f00000, 0x0000000081000000|  0%| F|  |TAMS 0x0000000080f00000, 0x0000000080f00000| Untracked 
|  16|0x0000000081000000, 0x0000000081000000, 0x0000000081100000|  0%| F|  |TAMS 0x0000000081000000, 0x0000000081000000| Untracked 
|  17|0x0000000081100000, 0x0000000081100000, 0x0000000081200000|  0%| F|  |TAMS 0x0000000081100000, 0x0000000081100000| Untracked 
|  18|0x0000000081200000, 0x0000000081200000, 0x0000000081300000|  0%| F|  |TAMS 0x0000000081200000, 0x0000000081200000| Untracked 
|  19|0x0000000081300000, 0x0000000081300000, 0x0000000081400000|  0%| F|  |TAMS 0x0000000081300000, 0x0000000081300000| Untracked 
|  20|0x0000000081400000, 0x0000000081400000, 0x0000000081500000|  0%| F|  |TAMS 0x0000000081400000, 0x0000000081400000| Untracked 
|  21|0x0000000081500000, 0x0000000081500000, 0x0000000081600000|  0%| F|  |TAMS 0x0000000081500000, 0x0000000081500000| Untracked 
|  22|0x0000000081600000, 0x0000000081600000, 0x0000000081700000|  0%| F|  |TAMS 0x0000000081600000, 0x0000000081600000| Untracked 
|  23|0x0000000081700000, 0x0000000081700000, 0x0000000081800000|  0%| F|  |TAMS 0x0000000081700000, 0x0000000081700000| Untracked 
|  24|0x0000000081800000, 0x0000000081800000, 0x0000000081900000|  0%| F|  |TAMS 0x0000000081800000, 0x0000000081800000| Untracked 
|  25|0x0000000081900000, 0x0000000081900000, 0x0000000081a00000|  0%| F|  |TAMS 0x0000000081900000, 0x0000000081900000| Untracked 
|  26|0x0000000081a00000, 0x0000000081a00000, 0x0000000081b00000|  0%| F|  |TAMS 0x0000000081a00000, 0x0000000081a00000| Untracked 
|  27|0x0000000081b00000, 0x0000000081b00000, 0x0000000081c00000|  0%| F|  |TAMS 0x0000000081b00000, 0x0000000081b00000| Untracked 
|  28|0x0000000081c00000, 0x0000000081c00000, 0x0000000081d00000|  0%| F|  |TAMS 0x0000000081c00000, 0x0000000081c00000| Untracked 
|  29|0x0000000081d00000, 0x0000000081d00000, 0x0000000081e00000|  0%| F|  |TAMS 0x0000000081d00000, 0x0000000081d00000| Untracked 
|  30|0x0000000081e00000, 0x0000000081e00000, 0x0000000081f00000|  0%| F|  |TAMS 0x0000000081e00000, 0x0000000081e00000| Untracked 
|  31|0x0000000081f00000, 0x0000000081f00000, 0x0000000082000000|  0%| F|  |TAMS 0x0000000081f00000, 0x0000000081f00000| Untracked 
|  32|0x0000000082000000, 0x0000000082000000, 0x0000000082100000|  0%| F|  |TAMS 0x0000000082000000, 0x0000000082000000| Untracked 
|  33|0x0000000082100000, 0x0000000082100000, 0x0000000082200000|  0%| F|  |TAMS 0x0000000082100000, 0x0000000082100000| Untracked 
|  34|0x0000000082200000, 0x0000000082200000, 0x0000000082300000|  0%| F|  |TAMS 0x0000000082200000, 0x0000000082200000| Untracked 
|  35|0x0000000082300000, 0x0000000082300000, 0x0000000082400000|  0%| F|  |TAMS 0x0000000082300000, 0x0000000082300000| Untracked 
|  36|0x0000000082400000, 0x0000000082400000, 0x0000000082500000|  0%| F|  |TAMS 0x0000000082400000, 0x0000000082400000| Untracked 
|  37|0x0000000082500000, 0x0000000082500000, 0x0000000082600000|  0%| F|  |TAMS 0x0000000082500000, 0x0000000082500000| Untracked 
|  38|0x0000000082600000, 0x0000000082600000, 0x0000000082700000|  0%| F|  |TAMS 0x0000000082600000, 0x0000000082600000| Untracked 
|  39|0x0000000082700000, 0x0000000082700000, 0x0000000082800000|  0%| F|  |TAMS 0x0000000082700000, 0x0000000082700000| Untracked 
|  40|0x0000000082800000, 0x0000000082800000, 0x0000000082900000|  0%| F|  |TAMS 0x0000000082800000, 0x0000000082800000| Untracked 
|  41|0x0000000082900000, 0x0000000082900000, 0x0000000082a00000|  0%| F|  |TAMS 0x0000000082900000, 0x0000000082900000| Untracked 
|  42|0x0000000082a00000, 0x0000000082a00000, 0x0000000082b00000|  0%| F|  |TAMS 0x0000000082a00000, 0x0000000082a00000| Untracked 
|  43|0x0000000082b00000, 0x0000000082b00000, 0x0000000082c00000|  0%| F|  |TAMS 0x0000000082b00000, 0x0000000082b00000| Untracked 
|  44|0x0000000082c00000, 0x0000000082c00000, 0x0000000082d00000|  0%| F|  |TAMS 0x0000000082c00000, 0x0000000082c00000| Untracked 
|  45|0x0000000082d00000, 0x0000000082d00000, 0x0000000082e00000|  0%| F|  |TAMS 0x0000000082d00000, 0x0000000082d00000| Untracked 
|  46|0x0000000082e00000, 0x0000000082e00000, 0x0000000082f00000|  0%| F|  |TAMS 0x0000000082e00000, 0x0000000082e00000| Untracked 
|  47|0x0000000082f00000, 0x0000000082f00000, 0x0000000083000000|  0%| F|  |TAMS 0x0000000082f00000, 0x0000000082f00000| Untracked 
|  48|0x0000000083000000, 0x0000000083000000, 0x0000000083100000|  0%| F|  |TAMS 0x0000000083000000, 0x0000000083000000| Untracked 
|  49|0x0000000083100000, 0x0000000083100000, 0x0000000083200000|  0%| F|  |TAMS 0x0000000083100000, 0x0000000083100000| Untracked 
|  50|0x0000000083200000, 0x0000000083200000, 0x0000000083300000|  0%| F|  |TAMS 0x0000000083200000, 0x0000000083200000| Untracked 
|  51|0x0000000083300000, 0x0000000083300000, 0x0000000083400000|  0%| F|  |TAMS 0x0000000083300000, 0x0000000083300000| Untracked 
|  52|0x0000000083400000, 0x0000000083400000, 0x0000000083500000|  0%| F|  |TAMS 0x0000000083400000, 0x0000000083400000| Untracked 
|  53|0x0000000083500000, 0x0000000083500000, 0x0000000083600000|  0%| F|  |TAMS 0x0000000083500000, 0x0000000083500000| Untracked 
|  54|0x0000000083600000, 0x0000000083600000, 0x0000000083700000|  0%| F|  |TAMS 0x0000000083600000, 0x0000000083600000| Untracked 
|  55|0x0000000083700000, 0x0000000083700000, 0x0000000083800000|  0%| F|  |TAMS 0x0000000083700000, 0x0000000083700000| Untracked 
|  56|0x0000000083800000, 0x0000000083800000, 0x0000000083900000|  0%| F|  |TAMS 0x0000000083800000, 0x0000000083800000| Untracked 
|  57|0x0000000083900000, 0x0000000083928280, 0x0000000083a00000| 15%| S|CS|TAMS 0x0000000083900000, 0x0000000083900000| Complete 
|  58|0x0000000083a00000, 0x0000000083b00000, 0x0000000083b00000|100%| S|CS|TAMS 0x0000000083a00000, 0x0000000083a00000| Complete 
|  59|0x0000000083b00000, 0x0000000083c00000, 0x0000000083c00000|100%| S|CS|TAMS 0x0000000083b00000, 0x0000000083b00000| Complete 
|  60|0x0000000083c00000, 0x0000000083c00000, 0x0000000083d00000|  0%| F|  |TAMS 0x0000000083c00000, 0x0000000083c00000| Untracked 
|  61|0x0000000083d00000, 0x0000000083d00000, 0x0000000083e00000|  0%| F|  |TAMS 0x0000000083d00000, 0x0000000083d00000| Untracked 
|  62|0x0000000083e00000, 0x0000000083e00000, 0x0000000083f00000|  0%| F|  |TAMS 0x0000000083e00000, 0x0000000083e00000| Untracked 
|  63|0x0000000083f00000, 0x0000000083f00000, 0x0000000084000000|  0%| F|  |TAMS 0x0000000083f00000, 0x0000000083f00000| Untracked 
|  64|0x0000000084000000, 0x00000000840c72f8, 0x0000000084100000| 77%| E|  |TAMS 0x0000000084000000, 0x0000000084000000| Complete 
|  65|0x0000000084100000, 0x0000000084200000, 0x0000000084200000|100%| E|CS|TAMS 0x0000000084100000, 0x0000000084100000| Complete 
|  66|0x0000000084200000, 0x0000000084300000, 0x0000000084300000|100%| E|CS|TAMS 0x0000000084200000, 0x0000000084200000| Complete 
|  67|0x0000000084300000, 0x0000000084400000, 0x0000000084400000|100%| E|CS|TAMS 0x0000000084300000, 0x0000000084300000| Complete 
|  68|0x0000000084400000, 0x0000000084500000, 0x0000000084500000|100%| E|CS|TAMS 0x0000000084400000, 0x0000000084400000| Complete 
|  69|0x0000000084500000, 0x0000000084600000, 0x0000000084600000|100%| E|CS|TAMS 0x0000000084500000, 0x0000000084500000| Complete 
|  70|0x0000000084600000, 0x0000000084700000, 0x0000000084700000|100%| E|CS|TAMS 0x0000000084600000, 0x0000000084600000| Complete 
|  71|0x0000000084700000, 0x0000000084800000, 0x0000000084800000|100%| E|CS|TAMS 0x0000000084700000, 0x0000000084700000| Complete 
|  72|0x0000000084800000, 0x0000000084900000, 0x0000000084900000|100%| E|CS|TAMS 0x0000000084800000, 0x0000000084800000| Complete 
|  73|0x0000000084900000, 0x0000000084a00000, 0x0000000084a00000|100%| E|CS|TAMS 0x0000000084900000, 0x0000000084900000| Complete 
|  74|0x0000000084a00000, 0x0000000084b00000, 0x0000000084b00000|100%| E|CS|TAMS 0x0000000084a00000, 0x0000000084a00000| Complete 
|  75|0x0000000084b00000, 0x0000000084c00000, 0x0000000084c00000|100%| E|CS|TAMS 0x0000000084b00000, 0x0000000084b00000| Complete 
|  76|0x0000000084c00000, 0x0000000084d00000, 0x0000000084d00000|100%| E|CS|TAMS 0x0000000084c00000, 0x0000000084c00000| Complete 
|  77|0x0000000084d00000, 0x0000000084e00000, 0x0000000084e00000|100%| E|CS|TAMS 0x0000000084d00000, 0x0000000084d00000| Complete 
|  78|0x0000000084e00000, 0x0000000084f00000, 0x0000000084f00000|100%| E|CS|TAMS 0x0000000084e00000, 0x0000000084e00000| Complete 
|  79|0x0000000084f00000, 0x0000000085000000, 0x0000000085000000|100%| E|CS|TAMS 0x0000000084f00000, 0x0000000084f00000| Complete 
|  80|0x0000000085000000, 0x0000000085100000, 0x0000000085100000|100%| E|CS|TAMS 0x0000000085000000, 0x0000000085000000| Complete 
|  81|0x0000000085100000, 0x0000000085200000, 0x0000000085200000|100%| E|CS|TAMS 0x0000000085100000, 0x0000000085100000| Complete 
|  82|0x0000000085200000, 0x0000000085300000, 0x0000000085300000|100%| E|CS|TAMS 0x0000000085200000, 0x0000000085200000| Complete 
|  83|0x0000000085300000, 0x0000000085400000, 0x0000000085400000|100%| E|CS|TAMS 0x0000000085300000, 0x0000000085300000| Complete 
|  84|0x0000000085400000, 0x0000000085500000, 0x0000000085500000|100%| E|CS|TAMS 0x0000000085400000, 0x0000000085400000| Complete 
|  85|0x0000000085500000, 0x0000000085600000, 0x0000000085600000|100%| E|CS|TAMS 0x0000000085500000, 0x0000000085500000| Complete 
|  86|0x0000000085600000, 0x0000000085700000, 0x0000000085700000|100%| E|CS|TAMS 0x0000000085600000, 0x0000000085600000| Complete 
|  87|0x0000000085700000, 0x0000000085800000, 0x0000000085800000|100%| E|CS|TAMS 0x0000000085700000, 0x0000000085700000| Complete 
|  88|0x0000000085800000, 0x0000000085900000, 0x0000000085900000|100%| E|CS|TAMS 0x0000000085800000, 0x0000000085800000| Complete 
|  89|0x0000000085900000, 0x0000000085a00000, 0x0000000085a00000|100%| E|CS|TAMS 0x0000000085900000, 0x0000000085900000| Complete 
|  90|0x0000000085a00000, 0x0000000085b00000, 0x0000000085b00000|100%| E|CS|TAMS 0x0000000085a00000, 0x0000000085a00000| Complete 
|  91|0x0000000085b00000, 0x0000000085c00000, 0x0000000085c00000|100%| E|CS|TAMS 0x0000000085b00000, 0x0000000085b00000| Complete 

Card table byte_map: [0x0000022e9f710000,0x0000022e9fb10000] _byte_map_base: 0x0000022e9f310000

Marking Bits (Prev, Next): (CMBitMap*) 0x0000022e8c51fdf0, (CMBitMap*) 0x0000022e8c51fdb8
 Prev Bits: [0x0000022ea1f10000, 0x0000022ea3f10000)
 Next Bits: [0x0000022e9ff10000, 0x0000022ea1f10000)

Polling page: 0x0000022e8a480000

Metaspace:

Usage:
  Non-class:     20.41 MB capacity,    20.08 MB ( 98%) used,   290.70 KB (  1%) free+waste,    42.00 KB ( <1%) overhead. 
      Class:      3.11 MB capacity,     2.92 MB ( 94%) used,   178.67 KB (  6%) free+waste,    20.94 KB ( <1%) overhead. 
       Both:     23.52 MB capacity,    23.00 MB ( 98%) used,   469.37 KB (  2%) free+waste,    62.94 KB ( <1%) overhead. 

Virtual space:
  Non-class space:       22.00 MB reserved,      20.42 MB ( 93%) committed 
      Class space:        1.00 GB reserved,       3.13 MB ( <1%) committed 
             Both:        1.02 GB reserved,      23.55 MB (  2%) committed 

Chunk freelists:
   Non-Class:  12.00 KB
       Class:  11.00 KB
        Both:  23.00 KB

MaxMetaspaceSize: 17179869184.00 GB
CompressedClassSpaceSize: 1.00 GB

CodeHeap 'non-profiled nmethods': size=120000Kb used=1065Kb max_used=1065Kb free=118935Kb
 bounds [0x0000022e97ab0000, 0x0000022e97d20000, 0x0000022e9efe0000]
CodeHeap 'profiled nmethods': size=120000Kb used=4454Kb max_used=4454Kb free=115545Kb
 bounds [0x0000022e90580000, 0x0000022e909e0000, 0x0000022e97ab0000]
CodeHeap 'non-nmethods': size=5760Kb used=1151Kb max_used=1185Kb free=4608Kb
 bounds [0x0000022e8ffe0000, 0x0000022e90250000, 0x0000022e90580000]
 total_blobs=2576 nmethods=2086 adapters=401
 compilation: enabled
              stopped_count=0, restarted_count=0
 full_count=0

Compilation events (20 events):
Event: 4.383 Thread 0x0000022ea6969000 2067   !   3       java.lang.reflect.Executable::declaredAnnotations (85 bytes)
Event: 4.384 Thread 0x0000022ea6969000 nmethod 2067 0x0000022e909c3690 code [0x0000022e909c38e0, 0x0000022e909c4248]
Event: 4.385 Thread 0x0000022ea6969000 2068       3       java.lang.reflect.Method::getRoot (5 bytes)
Event: 4.385 Thread 0x0000022ea6969000 nmethod 2068 0x0000022e909c4590 code [0x0000022e909c4740, 0x0000022e909c4858]
Event: 4.385 Thread 0x0000022ea6969000 2070       3       java.lang.reflect.Executable::getAnnotation (23 bytes)
Event: 4.385 Thread 0x0000022ea6969000 nmethod 2070 0x0000022e909c4910 code [0x0000022e909c4b40, 0x0000022e909c51a8]
Event: 4.385 Thread 0x0000022ea6969000 2071       3       java.lang.reflect.Method::getAnnotation (6 bytes)
Event: 4.386 Thread 0x0000022ea6969000 nmethod 2071 0x0000022e909c5410 code [0x0000022e909c5640, 0x0000022e909c5d08]
Event: 4.386 Thread 0x0000022ea6969000 2069       1       java.lang.reflect.Method::getAnnotationBytes (5 bytes)
Event: 4.386 Thread 0x0000022ea6969000 nmethod 2069 0x0000022e97bb6610 code [0x0000022e97bb67c0, 0x0000022e97bb6878]
Event: 4.387 Thread 0x0000022ea6969000 2072       3       java.util.Collections$UnmodifiableCollection::<init> (22 bytes)
Event: 4.387 Thread 0x0000022ea6969000 nmethod 2072 0x0000022e909c5f90 code [0x0000022e909c6160, 0x0000022e909c6408]
Event: 4.387 Thread 0x0000022ea6969000 2073       1       org.gradle.internal.instantiation.generator.AbstractClassGenerator$PropertyMetadata::getName (5 bytes)
Event: 4.388 Thread 0x0000022ea6969000 nmethod 2073 0x0000022e97bb6910 code [0x0000022e97bb6ac0, 0x0000022e97bb6b78]
Event: 4.390 Thread 0x0000022ea6969000 2074       3       org.gradle.internal.reflect.MethodSet$MethodKey::hashCode (29 bytes)
Event: 4.391 Thread 0x0000022ea6969000 nmethod 2074 0x0000022e909c6510 code [0x0000022e909c6720, 0x0000022e909c6ee8]
Event: 4.418 Thread 0x0000022ea6969000 2075       3       java.util.concurrent.ConcurrentHashMap::get (162 bytes)
Event: 4.420 Thread 0x0000022ea6969000 nmethod 2075 0x0000022e909c7190 code [0x0000022e909c7400, 0x0000022e909c80b8]
Event: 4.430 Thread 0x0000022ea94b0800 nmethod 2056 0x0000022e97bb6c10 code [0x0000022e97bb6e60, 0x0000022e97bb8838]
Event: 4.448 Thread 0x0000022ea6969000 2076   !   3       java.lang.invoke.MethodHandle::setVarargs (24 bytes)

GC Heap History (8 events):
Event: 1.192 GC heap before
{Heap before GC invocations=0 (full 0):
 garbage-first heap   total 94208K, used 29696K [0x0000000080000000, 0x0000000100000000)
  region size 1024K, 24 young (24576K), 0 survivors (0K)
 Metaspace       used 9871K, capacity 10118K, committed 10368K, reserved 1058816K
  class space    used 1028K, capacity 1102K, committed 1152K, reserved 1048576K
}
Event: 1.203 GC heap after
{Heap after GC invocations=1 (full 0):
 garbage-first heap   total 94208K, used 9018K [0x0000000080000000, 0x0000000100000000)
  region size 1024K, 3 young (3072K), 3 survivors (3072K)
 Metaspace       used 9871K, capacity 10118K, committed 10368K, reserved 1058816K
  class space    used 1028K, capacity 1102K, committed 1152K, reserved 1048576K
}
Event: 2.455 GC heap before
{Heap before GC invocations=1 (full 0):
 garbage-first heap   total 94208K, used 62266K [0x0000000080000000, 0x0000000100000000)
  region size 1024K, 55 young (56320K), 3 survivors (3072K)
 Metaspace       used 13227K, capacity 13587K, committed 13696K, reserved 1060864K
  class space    used 1451K, capacity 1557K, committed 1664K, reserved 1048576K
}
Event: 2.468 GC heap after
{Heap after GC invocations=2 (full 0):
 garbage-first heap   total 94208K, used 14868K [0x0000000080000000, 0x0000000100000000)
  region size 1024K, 7 young (7168K), 7 survivors (7168K)
 Metaspace       used 13227K, capacity 13587K, committed 13696K, reserved 1060864K
  class space    used 1451K, capacity 1557K, committed 1664K, reserved 1048576K
}
Event: 3.360 GC heap before
{Heap before GC invocations=2 (full 0):
 garbage-first heap   total 94208K, used 28180K [0x0000000080000000, 0x0000000100000000)
  region size 1024K, 21 young (21504K), 7 survivors (7168K)
 Metaspace       used 17326K, capacity 17670K, committed 17792K, reserved 1064960K
  class space    used 2018K, capacity 2153K, committed 2176K, reserved 1048576K
}
Event: 3.366 GC heap after
{Heap after GC invocations=3 (full 0):
 garbage-first heap   total 94208K, used 16318K [0x0000000080000000, 0x0000000100000000)
  region size 1024K, 2 young (2048K), 2 survivors (2048K)
 Metaspace       used 17326K, capacity 17670K, committed 17792K, reserved 1064960K
  class space    used 2018K, capacity 2153K, committed 2176K, reserved 1048576K
}
Event: 3.839 GC heap before
{Heap before GC invocations=3 (full 0):
 garbage-first heap   total 94208K, used 46014K [0x0000000080000000, 0x0000000100000000)
  region size 1024K, 32 young (32768K), 2 survivors (2048K)
 Metaspace       used 20676K, capacity 21102K, committed 21296K, reserved 1069056K
  class space    used 2529K, capacity 2658K, committed 2688K, reserved 1048576K
}
Event: 3.843 GC heap after
{Heap after GC invocations=4 (full 0):
 garbage-first heap   total 94208K, used 17235K [0x0000000080000000, 0x0000000100000000)
  region size 1024K, 3 young (3072K), 3 survivors (3072K)
 Metaspace       used 20676K, capacity 21102K, committed 21296K, reserved 1069056K
  class space    used 2529K, capacity 2658K, committed 2688K, reserved 1048576K
}

Deoptimization events (20 events):
Event: 3.807 Thread 0x0000022ea94af800 Uncommon trap: trap_request=0xffffffc6 fr.pc=0x0000022e97b26440 relative=0x0000000000000100
Event: 3.807 Thread 0x0000022ea94af800 Uncommon trap: reason=bimorphic_or_optimized_type_check action=maybe_recompile pc=0x0000022e97b26440 method=java.util.AbstractList$Itr.next()Ljava/lang/Object; @ 14 c2
Event: 3.807 Thread 0x0000022ea94af800 DEOPT PACKING pc=0x0000022e97b26440 sp=0x00000038db5fa6f0
Event: 3.807 Thread 0x0000022ea94af800 DEOPT UNPACKING pc=0x0000022e9000662f sp=0x00000038db5fa688 mode 2
Event: 3.807 Thread 0x0000022ea94af800 Uncommon trap: trap_request=0xffffff4d fr.pc=0x0000022e97b21670 relative=0x0000000000000630
Event: 3.807 Thread 0x0000022ea94af800 Uncommon trap: reason=unstable_if action=reinterpret pc=0x0000022e97b21670 method=java.io.File.getName()Ljava/lang/String; @ 16 c2
Event: 3.807 Thread 0x0000022ea94af800 DEOPT PACKING pc=0x0000022e97b21670 sp=0x00000038db5fb0c0
Event: 3.807 Thread 0x0000022ea94af800 DEOPT UNPACKING pc=0x0000022e9000662f sp=0x00000038db5fb090 mode 2
Event: 3.807 Thread 0x0000022ea94af800 Uncommon trap: trap_request=0xffffff4d fr.pc=0x0000022e97b22388 relative=0x00000000000004c8
Event: 3.807 Thread 0x0000022ea94af800 Uncommon trap: reason=unstable_if action=reinterpret pc=0x0000022e97b22388 method=java.lang.String.substring(I)Ljava/lang/String; @ 34 c2
Event: 3.807 Thread 0x0000022ea94af800 DEOPT PACKING pc=0x0000022e97b22388 sp=0x00000038db5fb040
Event: 3.807 Thread 0x0000022ea94af800 DEOPT UNPACKING pc=0x0000022e9000662f sp=0x00000038db5fb018 mode 2
Event: 3.981 Thread 0x0000022ea94af800 Uncommon trap: trap_request=0xffffff4d fr.pc=0x0000022e97b8ceb0 relative=0x00000000000003b0
Event: 3.981 Thread 0x0000022ea94af800 Uncommon trap: reason=unstable_if action=reinterpret pc=0x0000022e97b8ceb0 method=jdk.internal.org.objectweb.asm.Type.getArgumentsAndReturnSizes(Ljava/lang/String;)I @ 88 c2
Event: 3.981 Thread 0x0000022ea94af800 DEOPT PACKING pc=0x0000022e97b8ceb0 sp=0x00000038db5f95d0
Event: 3.981 Thread 0x0000022ea94af800 DEOPT UNPACKING pc=0x0000022e9000662f sp=0x00000038db5f9558 mode 2
Event: 4.379 Thread 0x0000022ea94af800 Uncommon trap: trap_request=0xffffff4d fr.pc=0x0000022e97afda7c relative=0x000000000000023c
Event: 4.379 Thread 0x0000022ea94af800 Uncommon trap: reason=unstable_if action=reinterpret pc=0x0000022e97afda7c method=java.util.concurrent.ConcurrentHashMap.get(Ljava/lang/Object;)Ljava/lang/Object; @ 76 c2
Event: 4.379 Thread 0x0000022ea94af800 DEOPT PACKING pc=0x0000022e97afda7c sp=0x00000038db5f9770
Event: 4.379 Thread 0x0000022ea94af800 DEOPT UNPACKING pc=0x0000022e9000662f sp=0x00000038db5f96d8 mode 2

Classes redefined (0 events):
No events

Internal exceptions (20 events):
Event: 1.936 Thread 0x0000022e8c4dd000 Exception <a 'java/security/PrivilegedActionException'{0x0000000083623dc0}> (0x0000000083623dc0) thrown at [./src/hotspot/share/prims/jvm.cpp, line 1306]
Event: 1.937 Thread 0x0000022e8c4dd000 Exception <a 'java/security/PrivilegedActionException'{0x0000000083624338}> (0x0000000083624338) thrown at [./src/hotspot/share/prims/jvm.cpp, line 1306]
Event: 2.410 Thread 0x0000022e8c4dd000 Exception <a 'java/lang/NoSuchMethodError'{0x0000000082542770}: 'java.lang.Object java.lang.invoke.DirectMethodHandle$Holder.invokeStaticInit(java.lang.Object, java.lang.Object, java.lang.Object)'> (0x0000000082542770) thrown at [./src/hotspot/share/interpreter/linkResolver.cpp, line 773]
Event: 2.636 Thread 0x0000022e8c4dd000 Exception <a 'java/lang/NoSuchMethodError'{0x00000000856a60a8}: 'java.lang.Object java.lang.invoke.DirectMethodHandle$Holder.invokeStaticInit(java.lang.Object, int, int, int, int)'> (0x00000000856a60a8) thrown at [./src/hotspot/share/interpreter/linkResolver.cpp, line 773]
Event: 2.855 Thread 0x0000022e8c4dd000 Exception <a 'java/lang/NoSuchMethodError'{0x00000000855ae018}: 'java.lang.Object java.lang.invoke.DirectMethodHandle$Holder.invokeStaticInit(java.lang.Object, java.lang.Object, int, int, int, int)'> (0x00000000855ae018) thrown at [./src/hotspot/share/interpreter/linkResolver.cpp, line 773]
Event: 3.176 Thread 0x0000022e8c4dd000 Exception <a 'java/io/IOException'{0x00000000853950c0}> (0x00000000853950c0) thrown at [./src/hotspot/share/prims/jni.cpp, line 615]
Event: 3.333 Thread 0x0000022ea94af800 Exception <a 'java/lang/NoSuchMethodError'{0x0000000084fedba8}: 'void java.lang.invoke.DirectMethodHandle$Holder.invokeVirtual(java.lang.Object, java.lang.Object, java.lang.Object, java.lang.Object)'> (0x0000000084fedba8) thrown at [./src/hotspot/share/interpreter/linkResolver.cpp, line 773]
Event: 3.337 Thread 0x0000022ea94af800 Exception <a 'java/lang/NoSuchMethodError'{0x0000000084ffcc50}: 'void java.lang.invoke.DelegatingMethodHandle$Holder.reinvoke_L(java.lang.Object, java.lang.Object, java.lang.Object, java.lang.Object)'> (0x0000000084ffcc50) thrown at [./src/hotspot/share/interpreter/linkResolver.cpp, line 773]
Event: 3.342 Thread 0x0000022ea94af800 Exception <a 'java/lang/NoSuchMethodError'{0x0000000084e2e528}: 'long java.lang.invoke.DirectMethodHandle$Holder.invokeInterface(java.lang.Object, java.lang.Object)'> (0x0000000084e2e528) thrown at [./src/hotspot/share/interpreter/linkResolver.cpp, line 773]
Event: 3.345 Thread 0x0000022ea94af800 Exception <a 'java/lang/NoSuchMethodError'{0x0000000084e51d10}: 'void java.lang.invoke.DelegatingMethodHandle$Holder.reinvoke_L(java.lang.Object, java.lang.Object, java.lang.Object, java.lang.Object, java.lang.Object, java.lang.Object, java.lang.Object)'> (0x0000000084e51d10) thrown at [./src/hotspot/share/interpreter/linkResolver.cpp, line 773]
Event: 3.708 Thread 0x0000022ea94af800 Exception <a 'java/lang/NoSuchMethodError'{0x000000008414d268}: 'void java.lang.invoke.DirectMethodHandle$Holder.invokeStaticInit(java.lang.Object)'> (0x000000008414d268) thrown at [./src/hotspot/share/interpreter/linkResolver.cpp, line 773]
Event: 3.754 Thread 0x0000022ea94af800 Exception <a 'java/lang/NoSuchMethodError'{0x0000000083f7c170}: 'java.lang.Object java.lang.invoke.DirectMethodHandle$Holder.invokeStatic(java.lang.Object, java.lang.Object, java.lang.Object, int)'> (0x0000000083f7c170) thrown at [./src/hotspot/share/interpreter/linkResolver.cpp, line 773]
Event: 3.754 Thread 0x0000022ea94af800 Exception <a 'java/lang/NoSuchMethodError'{0x0000000083f805e0}: 'java.lang.Object java.lang.invoke.DirectMethodHandle$Holder.invokeSpecial(java.lang.Object, java.lang.Object, java.lang.Object, java.lang.Object, int)'> (0x0000000083f805e0) thrown at [./src/hotspot/share/interpreter/linkResolver.cpp, line 773]
Event: 3.754 Thread 0x0000022ea94af800 Exception <a 'java/lang/NoSuchMethodError'{0x0000000083f84270}: 'java.lang.Object java.lang.invoke.Invokers$Holder.linkToTargetMethod(java.lang.Object, java.lang.Object, int, java.lang.Object)'> (0x0000000083f84270) thrown at [./src/hotspot/share/interpreter/linkResolver.cpp, line 773]
Event: 3.882 Thread 0x0000022ea94af800 Exception <a 'java/lang/NoSuchMethodError'{0x0000000085a98ea8}: 'int java.lang.invoke.DirectMethodHandle$Holder.invokeSpecialIFC(java.lang.Object, java.lang.Object, java.lang.Object, java.lang.Object)'> (0x0000000085a98ea8) thrown at [./src/hotspot/share/interpreter/linkResolver.cpp, line 773]
Event: 3.885 Thread 0x0000022ea94af800 Exception <a 'java/lang/NoSuchMethodError'{0x0000000085aa6e60}: 'java.lang.Object java.lang.invoke.DirectMethodHandle$Holder.invokeInterface(java.lang.Object, java.lang.Object, java.lang.Object)'> (0x0000000085aa6e60) thrown at [./src/hotspot/share/interpreter/linkResolver.cpp, line 773]
Event: 3.885 Thread 0x0000022ea94af800 Exception <a 'java/lang/IncompatibleClassChangeError'{0x0000000085aaa338}: Found class java.lang.Object, but interface was expected> (0x0000000085aaa338) thrown at [./src/hotspot/share/interpreter/linkResolver.cpp, line 839]
Event: 3.929 Thread 0x0000022ea94af800 Exception <a 'java/lang/NoSuchMethodError'{0x00000000858ab570}: 'void java.lang.invoke.DirectMethodHandle$Holder.invokeStatic(java.lang.Object, java.lang.Object, java.lang.Object, java.lang.Object, java.lang.Object)'> (0x00000000858ab570) thrown at [./src/hotspot/share/interpreter/linkResolver.cpp, line 773]
Event: 4.078 Thread 0x0000022ea94af800 Exception <a 'java/lang/NoSuchMethodError'{0x00000000851a8668}: 'java.lang.Object java.lang.invoke.DirectMethodHandle$Holder.invokeSpecial(java.lang.Object, java.lang.Object, java.lang.Object, java.lang.Object, java.lang.Object, java.lang.Object, java.lang.Object, java.lang.Object, java.lang.Object)'> (0x00000000851a8668) thrown at [./src/hotspot/share/interpreter/linkResolver.cpp, line 773]
Event: 4.250 Thread 0x0000022ea94af800 Exception <a 'java/lang/NoSuchMethodError'{0x00000000847b4ef0}: 'java.lang.Object java.lang.invoke.DirectMethodHandle$Holder.invokeVirtual(java.lang.Object, java.lang.Object, java.lang.Object, java.lang.Object)'> (0x00000000847b4ef0) thrown at [./src/hotspot/share/interpreter/linkResolver.cpp, line 773]

Events (20 events):
Event: 4.432 loading class org/objectweb/asm/ByteVector
Event: 4.432 loading class org/objectweb/asm/ByteVector done
Event: 4.436 loading class org/objectweb/asm/MethodTooLargeException
Event: 4.436 loading class org/objectweb/asm/MethodTooLargeException done
Event: 4.438 loading class org/objectweb/asm/Frame
Event: 4.438 loading class org/objectweb/asm/Frame done
Event: 4.439 loading class org/objectweb/asm/CurrentFrame
Event: 4.439 loading class org/objectweb/asm/CurrentFrame done
Event: 4.441 loading class org/objectweb/asm/Label
Event: 4.441 loading class org/objectweb/asm/Label done
Event: 4.446 loading class org/objectweb/asm/Edge
Event: 4.446 loading class org/objectweb/asm/Edge done
Event: 4.448 loading class org/objectweb/asm/MethodVisitor
Event: 4.448 loading class org/objectweb/asm/MethodVisitor done
Event: 4.448 loading class org/objectweb/asm/MethodVisitor
Event: 4.448 loading class org/objectweb/asm/MethodVisitor done
Event: 4.448 loading class org/gradle/internal/instantiation/generator/AsmBackedClassGenerator$ClassBuilderImpl
Event: 4.448 loading class org/gradle/internal/instantiation/generator/AsmBackedClassGenerator$ClassBuilderImpl done
Event: 4.448 loading class org/gradle/internal/instantiation/generator/AsmBackedClassGenerator$MethodCodeBody
Event: 4.448 loading class org/gradle/internal/instantiation/generator/AsmBackedClassGenerator$MethodCodeBody done


Dynamic libraries:
0x00007ff6230f0000 - 0x00007ff6230fa000 	C:\Users\Rikard\AppData\Local\JetBrains\Toolbox\apps\AndroidStudio\ch-0\211.7628.21.2111.8193401\jre\bin\java.exe
0x00007ffefcc10000 - 0x00007ffefce05000 	C:\Windows\SYSTEM32\ntdll.dll
0x00007ffefbee0000 - 0x00007ffefbf9e000 	C:\Windows\System32\KERNEL32.DLL
0x00007ffefa3c0000 - 0x00007ffefa689000 	C:\Windows\System32\KERNELBASE.dll
0x00007ffefa8f0000 - 0x00007ffefa9f0000 	C:\Windows\System32\ucrtbase.dll
0x00007ffeeb850000 - 0x00007ffeeb869000 	C:\Users\Rikard\AppData\Local\JetBrains\Toolbox\apps\AndroidStudio\ch-0\211.7628.21.2111.8193401\jre\bin\jli.dll
0x00007ffee67e0000 - 0x00007ffee67f7000 	C:\Users\Rikard\AppData\Local\JetBrains\Toolbox\apps\AndroidStudio\ch-0\211.7628.21.2111.8193401\jre\bin\VCRUNTIME140.dll
0x00007ffefc290000 - 0x00007ffefc431000 	C:\Windows\System32\USER32.dll
0x00007ffefa330000 - 0x00007ffefa352000 	C:\Windows\System32\win32u.dll
0x00007ffeea170000 - 0x00007ffeea40a000 	C:\Windows\WinSxS\amd64_microsoft.windows.common-controls_6595b64144ccf1df_6.0.19041.1110_none_60b5254171f9507e\COMCTL32.dll
0x00007ffefbd80000 - 0x00007ffefbdab000 	C:\Windows\System32\GDI32.dll
0x00007ffefbc50000 - 0x00007ffefbcee000 	C:\Windows\System32\msvcrt.dll
0x00007ffefab50000 - 0x00007ffefac5b000 	C:\Windows\System32\gdi32full.dll
0x00007ffefaab0000 - 0x00007ffefab4d000 	C:\Windows\System32\msvcp_win.dll
0x00007ffefc180000 - 0x00007ffefc1b0000 	C:\Windows\System32\IMM32.DLL
0x00007ffed6fe0000 - 0x00007ffed707d000 	C:\Users\Rikard\AppData\Local\JetBrains\Toolbox\apps\AndroidStudio\ch-0\211.7628.21.2111.8193401\jre\bin\msvcp140.dll
0x00007ffeb96f0000 - 0x00007ffeba1c5000 	C:\Users\Rikard\AppData\Local\JetBrains\Toolbox\apps\AndroidStudio\ch-0\211.7628.21.2111.8193401\jre\bin\server\jvm.dll
0x00007ffefc000000 - 0x00007ffefc0ac000 	C:\Windows\System32\ADVAPI32.dll
0x00007ffefafc0000 - 0x00007ffefb05b000 	C:\Windows\System32\sechost.dll
0x00007ffefb060000 - 0x00007ffefb18a000 	C:\Windows\System32\RPCRT4.dll
0x00007ffefbcf0000 - 0x00007ffefbcf8000 	C:\Windows\System32\PSAPI.DLL
0x00007ffef5570000 - 0x00007ffef5579000 	C:\Windows\SYSTEM32\WSOCK32.dll
0x00007ffef1ce0000 - 0x00007ffef1cea000 	C:\Windows\SYSTEM32\VERSION.dll
0x00007ffefc530000 - 0x00007ffefc59b000 	C:\Windows\System32\WS2_32.dll
0x00007ffef1cb0000 - 0x00007ffef1cd7000 	C:\Windows\SYSTEM32\WINMM.dll
0x00007ffef8230000 - 0x00007ffef8242000 	C:\Windows\SYSTEM32\kernel.appcore.dll
0x00007ffef0490000 - 0x00007ffef04a1000 	C:\Users\Rikard\AppData\Local\JetBrains\Toolbox\apps\AndroidStudio\ch-0\211.7628.21.2111.8193401\jre\bin\verify.dll
0x00007ffef2e70000 - 0x00007ffef3054000 	C:\Windows\SYSTEM32\DBGHELP.DLL
0x00007ffee62e0000 - 0x00007ffee630c000 	C:\Windows\SYSTEM32\dbgcore.DLL
0x00007ffefaa20000 - 0x00007ffefaaa3000 	C:\Windows\System32\bcryptPrimitives.dll
0x00007ffee5070000 - 0x00007ffee5099000 	C:\Users\Rikard\AppData\Local\JetBrains\Toolbox\apps\AndroidStudio\ch-0\211.7628.21.2111.8193401\jre\bin\java.dll
0x00007ffef54e0000 - 0x00007ffef54eb000 	C:\Users\Rikard\AppData\Local\JetBrains\Toolbox\apps\AndroidStudio\ch-0\211.7628.21.2111.8193401\jre\bin\jimage.dll
0x00007ffeefd70000 - 0x00007ffeefd88000 	C:\Users\Rikard\AppData\Local\JetBrains\Toolbox\apps\AndroidStudio\ch-0\211.7628.21.2111.8193401\jre\bin\zip.dll
0x00007ffefb240000 - 0x00007ffefb97f000 	C:\Windows\System32\SHELL32.dll
0x00007ffef8430000 - 0x00007ffef8bc0000 	C:\Windows\SYSTEM32\windows.storage.dll
0x00007ffefac60000 - 0x00007ffefafb5000 	C:\Windows\System32\combase.dll
0x00007ffef9cb0000 - 0x00007ffef9cdc000 	C:\Windows\SYSTEM32\Wldp.dll
0x00007ffefb190000 - 0x00007ffefb23e000 	C:\Windows\System32\SHCORE.dll
0x00007ffefc230000 - 0x00007ffefc285000 	C:\Windows\System32\shlwapi.dll
0x00007ffefa270000 - 0x00007ffefa28f000 	C:\Windows\SYSTEM32\profapi.dll
0x00007ffee9680000 - 0x00007ffee969a000 	C:\Users\Rikard\AppData\Local\JetBrains\Toolbox\apps\AndroidStudio\ch-0\211.7628.21.2111.8193401\jre\bin\net.dll
0x00007ffeeb270000 - 0x00007ffeeb378000 	C:\Windows\SYSTEM32\WINHTTP.dll
0x00007ffef9a10000 - 0x00007ffef9a7a000 	C:\Windows\system32\mswsock.dll
0x00007ffee7080000 - 0x00007ffee7094000 	C:\Users\Rikard\AppData\Local\JetBrains\Toolbox\apps\AndroidStudio\ch-0\211.7628.21.2111.8193401\jre\bin\nio.dll
0x00007ffee1980000 - 0x00007ffee19a7000 	C:\Users\Rikard\.gradle\native\e1d6ef7f7dcc3fd88c89a11ec53ec762bb8ba0a96d01ffa2cd45eb1d1d8dd5c5\windows-amd64\native-platform.dll
0x00007ffebd390000 - 0x00007ffebd4d4000 	C:\Users\Rikard\.gradle\native\5664cfc778a61ccfe75a443a1ab52a65af34e5dc3c78e0209fed803814484fcb\windows-amd64\native-platform-file-events.dll
0x00007ffef52f0000 - 0x00007ffef52fa000 	C:\Users\Rikard\AppData\Local\JetBrains\Toolbox\apps\AndroidStudio\ch-0\211.7628.21.2111.8193401\jre\bin\management.dll
0x00007ffef2820000 - 0x00007ffef282d000 	C:\Users\Rikard\AppData\Local\JetBrains\Toolbox\apps\AndroidStudio\ch-0\211.7628.21.2111.8193401\jre\bin\management_ext.dll
0x00007ffef9c10000 - 0x00007ffef9c28000 	C:\Windows\SYSTEM32\CRYPTSP.dll
0x00007ffef9390000 - 0x00007ffef93c4000 	C:\Windows\system32\rsaenh.dll
0x00007ffefa9f0000 - 0x00007ffefaa17000 	C:\Windows\System32\bcrypt.dll
0x00007ffefa230000 - 0x00007ffefa25e000 	C:\Windows\SYSTEM32\USERENV.dll
0x00007ffef9c00000 - 0x00007ffef9c0c000 	C:\Windows\SYSTEM32\CRYPTBASE.dll
0x00007ffef9700000 - 0x00007ffef973b000 	C:\Windows\SYSTEM32\IPHLPAPI.DLL
0x00007ffefbd70000 - 0x00007ffefbd78000 	C:\Windows\System32\NSI.dll
0x00007ffef24f0000 - 0x00007ffef2507000 	C:\Windows\SYSTEM32\dhcpcsvc6.DLL
0x00007ffef4600000 - 0x00007ffef461d000 	C:\Windows\SYSTEM32\dhcpcsvc.DLL
0x00007ffef9740000 - 0x00007ffef980c000 	C:\Windows\SYSTEM32\DNSAPI.dll

dbghelp: loaded successfully - version: 4.0.5 - missing functions: none
symbol engine: initialized successfully - sym options: 0x614 - pdb path: .;C:\Users\Rikard\AppData\Local\JetBrains\Toolbox\apps\AndroidStudio\ch-0\211.7628.21.2111.8193401\jre\bin;C:\Windows\SYSTEM32;C:\Windows\WinSxS\amd64_microsoft.windows.common-controls_6595b64144ccf1df_6.0.19041.1110_none_60b5254171f9507e;C:\Users\Rikard\AppData\Local\JetBrains\Toolbox\apps\AndroidStudio\ch-0\211.7628.21.2111.8193401\jre\bin\server;C:\Users\Rikard\.gradle\native\e1d6ef7f7dcc3fd88c89a11ec53ec762bb8ba0a96d01ffa2cd45eb1d1d8dd5c5\windows-amd64;C:\Users\Rikard\.gradle\native\5664cfc778a61ccfe75a443a1ab52a65af34e5dc3c78e0209fed803814484fcb\windows-amd64

VM Arguments:
jvm_args: --add-opens=java.base/java.util=ALL-UNNAMED --add-opens=java.base/java.lang=ALL-UNNAMED --add-opens=java.base/java.lang.invoke=ALL-UNNAMED --add-opens=java.base/java.util=ALL-UNNAMED --add-opens=java.prefs/java.util.prefs=ALL-UNNAMED --add-opens=java.prefs/java.util.prefs=ALL-UNNAMED --add-opens=java.base/java.nio.charset=ALL-UNNAMED --add-opens=java.base/java.net=ALL-UNNAMED --add-opens=java.base/java.util.concurrent.atomic=ALL-UNNAMED -Xmx2048m -Dfile.encoding=UTF-8 -Duser.country=US -Duser.language=en -Duser.variant 
java_command: org.gradle.launcher.daemon.bootstrap.GradleDaemon 7.2
java_class_path (initial): C:\Users\Rikard\.gradle\wrapper\dists\gradle-7.2-bin\2dnblmf4td7x66yl1d74lt32g\gradle-7.2\lib\gradle-launcher-7.2.jar
Launcher Type: SUN_STANDARD

[Global flags]
     intx CICompilerCount                          = 4                                         {product} {ergonomic}
     uint ConcGCThreads                            = 2                                         {product} {ergonomic}
     uint G1ConcRefinementThreads                  = 8                                         {product} {ergonomic}
   size_t G1HeapRegionSize                         = 1048576                                   {product} {ergonomic}
    uintx GCDrainStackTargetSize                   = 64                                        {product} {ergonomic}
   size_t InitialHeapSize                          = 96468992                                  {product} {ergonomic}
   size_t MarkStackSize                            = 4194304                                   {product} {ergonomic}
   size_t MaxHeapSize                              = 2147483648                                {product} {command line}
   size_t MaxNewSize                               = 1287651328                                {product} {ergonomic}
   size_t MinHeapDeltaBytes                        = 1048576                                   {product} {ergonomic}
    uintx NonNMethodCodeHeapSize                   = 5836300                                {pd product} {ergonomic}
    uintx NonProfiledCodeHeapSize                  = 122910970                              {pd product} {ergonomic}
    uintx ProfiledCodeHeapSize                     = 122910970                              {pd product} {ergonomic}
    uintx ReservedCodeCacheSize                    = 251658240                              {pd product} {ergonomic}
     bool SegmentedCodeCache                       = true                                      {product} {ergonomic}
     bool UseCompressedClassPointers               = true                                 {lp64_product} {ergonomic}
     bool UseCompressedOops                        = true                                 {lp64_product} {ergonomic}
     bool UseG1GC                                  = true                                      {product} {ergonomic}
     bool UseLargePagesIndividualAllocation        = false                                  {pd product} {ergonomic}

Logging:
Log output configuration:
 #0: stdout all=warning uptime,level,tags
 #1: stderr all=off uptime,level,tags

Environment Variables:
PATH=C:\Program Files\Microsoft\jdk-11.0.12.7-hotspot\bin;C:\Program Files\Python310\Scripts\;C:\Program Files\Python310\;C:\Windows\system32;C:\Windows;C:\Windows\System32\Wbem;C:\Windows\System32\WindowsPowerShell\v1.0\;C:\Windows\System32\OpenSSH\;C:\Program Files\Microsoft SQL Server\150\Tools\Binn\;C:\Program Files\Microsoft SQL Server\Client SDK\ODBC\170\Tools\Binn\;C:\Program Files\dotnet\;C:\Program Files\nodejs\;C:\ProgramData\chocolatey\bin;C:\Program Files\Git\cmd;C:\Users\Rikard\AppData\Local\Microsoft\WindowsApps;C:\Users\Rikard\.dotnet\tools;C:\Users\Rikard\AppData\Roaming\npm;C:\Users\Rikard\AppData\Roaming\Python\Python310\Scripts;C:\Users\Rikard\AppData\Local\Programs\Microsoft VS Code\bin;C:\Users\Rikard\AppData\Local\atom\bin;C:\Users\Rikard\AppData\Local\GitHubDesktop\bin
USERNAME=Rikard
OS=Windows_NT
PROCESSOR_IDENTIFIER=AMD64 Family 23 Model 24 Stepping 1, AuthenticAMD



---------------  S Y S T E M  ---------------

OS: Windows 10 , 64 bit Build 19041 (10.0.19041.1202)
OS uptime: 2 days 1:05 hours

CPU:total 8 (initial active 8) (8 cores per cpu, 2 threads per core) family 23 model 24 stepping 1 microcode 0x0, cmov, cx8, fxsr, mmx, sse, sse2, sse3, ssse3, sse4.1, sse4.2, popcnt, avx, avx2, aes, clmul, mmxext, 3dnowpref, lzcnt, sse4a, ht, tsc, tscinvbit, tscinv, bmi1, bmi2, adx, s

Memory: 4k page, system-wide physical 5845M (610M free)
TotalPageFile size 14037M (AvailPageFile size 4M)
current process WorkingSet (physical memory assigned to process): 188M, peak: 188M
current process commit charge ("private bytes"): 240M, peak: 241M

vm_info: OpenJDK 64-Bit Server VM (11.0.11+9-b60-7590822) for windows-amd64 JRE (11.0.11+9-b60-7590822), built on Jul 29 2021 21:43:44 by "builder" with MS VC++ 14.0 (VS2015)

END.
